** mc.alpgen.wenu.np0 **
tot_nevts = 3328885.0;
evt_weight =  = 3329673.87;
** mc.alpgen.wenu.np1 **
tot_nevts = 2499645.0;
evt_weight =  = 2499612.09;
** mc.alpgen.wenu.np2 **
tot_nevts = 3768632.0;
evt_weight =  = 3768694.31;
** mc.alpgen.wenu.np3 **
tot_nevts = 1008947.0;
evt_weight =  = 1008937.11;
** mc.alpgen.wenu.np4 **
tot_nevts = 250000.0;
evt_weight =  = 249999.07;
** mc.alpgen.wenu.np5 **
tot_nevts = 69999.0;
evt_weight =  = 69999.07;
** mc.alpgen.wtnu.np0 **
tot_nevts = 3398296.0;
evt_weight =  = 3398336.31;
** mc.alpgen.wtnu.np1 **
tot_nevts = 2499194.0;
evt_weight =  = 2499719.55;
** mc.alpgen.wtnu.np3 **
tot_nevts = 1009946.0;
evt_weight =  = 1010051.33;
** mc.alpgen.wtnu.np4 **
tot_nevts = 249998.0;
evt_weight =  = 250025.42;
** mc.alpgen.wtnu.np5 **
tot_nevts = 65000.0;
evt_weight =  = 65006.6;
** mc.alpgen.wunu.np0 **
tot_nevts = 3462942.0;
evt_weight =  = 3462886.3;
** mc.alpgen.wunu.np1 **
tot_nevts = 2498593.0;
evt_weight =  = 2498587.4;
** mc.alpgen.wunu.np2 **
tot_nevts = 3768737.0;
evt_weight =  = 3768786.97;
** mc.alpgen.wunu.np3 **
tot_nevts = 1008446.0;
evt_weight =  = 1008464.28;
** mc.alpgen.wunu.np4 **
tot_nevts = 254950.0;
evt_weight =  = 254956.27;
** mc.alpgen.wunu.np5 **
tot_nevts = 70000.0;
evt_weight =  = 69999.28;
** mc.alpgen.zee.np0 **
tot_nevts = 6618284.0;
evt_weight =  = 6618112.8;
** mc.alpgen.zee.np1 **
tot_nevts = 1334897.0;
evt_weight =  = 1334885.86;
** mc.alpgen.zee.np2 **
tot_nevts = 809999.0;
evt_weight =  = 809977.29;
** mc.alpgen.zee.np3 **
tot_nevts = 220000.0;
evt_weight =  = 219996.17;
** mc.alpgen.zee.np4 **
tot_nevts = 60000.0;
evt_weight =  = 59998.82;
** mc.alpgen.zee.np5 **
tot_nevts = 20000.0;
evt_weight =  = 19999.31;
** mc.alpgen.ztt.np0 **
tot_nevts = 10343179.0;
evt_weight =  = 10339709.3;
** mc.alpgen.ztt.np1 **
tot_nevts = 3334137.0;
evt_weight =  = 3334143.62;
** mc.alpgen.ztt.np2 **
tot_nevts = 1004847.0;
evt_weight =  = 1004836.97;
** mc.alpgen.ztt.np3 **
tot_nevts = 509847.0;
evt_weight =  = 509849.53;
** mc.alpgen.ztt.np4 **
tot_nevts = 144999.0;
evt_weight =  = 144995.86;
** mc.alpgen.ztt.np5 **
tot_nevts = 45000.0;
evt_weight =  = 44999.51;
** mc.alpgen.zuu.np0 **
tot_nevts = 6555230.0;
evt_weight =  = 6554036.8;
** mc.alpgen.zuu.np1 **
tot_nevts = 1334296.0;
evt_weight =  = 1334270.91;
** mc.alpgen.zuu.np2 **
tot_nevts = 404947.0;
evt_weight =  = 404947.67;
** mc.alpgen.zuu.np3 **
tot_nevts = 110000.0;
evt_weight =  = 110002.29;
** mc.alpgen.zuu.np4 **
tot_nevts = 30000.0;
evt_weight =  = 29999.2;
** mc.alpgen.zuu.np5 **
tot_nevts = 10000.0;
evt_weight =  = 9999.52;
** mc.herwig.ww **
tot_nevts = 999999.0;
evt_weight =  = 999973.06;
** mc.herwig.wz **
tot_nevts = 999896.0;
evt_weight =  = 999896.89;
** mc.herwig.zz **
tot_nevts = 249999.0;
evt_weight =  = 249998.67;
** mc.mcatnlo.st.schan.enu **
tot_nevts = 299948.0;
evt_weight =  = 253476.74;
** mc.mcatnlo.st.schan.tnu **
tot_nevts = 299899.0;
evt_weight =  = 253429.12;
** mc.mcatnlo.st.schan.unu **
tot_nevts = 299998.0;
evt_weight =  = 253651.13;
** mc.mcatnlo.st.tchan.enu **
tot_nevts = 299998.0;
evt_weight =  = 177220.88;
** mc.mcatnlo.st.tchan.tnu **
tot_nevts = 299999.0;
evt_weight =  = 176550.57;
** mc.mcatnlo.st.tchan.unu **
tot_nevts = 299999.0;
evt_weight =  = 176862.58;
** mc.mcatnlo.t1 **
tot_nevts = 999992.0;
evt_weight =  = 772700.8;
